[2m2020-08-07 11:47:20.811[0;39m [32m INFO[0;39m [35m1180[0;39m [2m---[0;39m [2m[  restartedMain][0;39m [36m.e.DevToolsPropertyDefaultsPostProcessor[0;39m [2m:[0;39m Devtools property defaults active! Set 'spring.devtools.add-properties' to 'false' to disable
[2m2020-08-07 11:47:20.813[0;39m [32m INFO[0;39m [35m1180[0;39m [2m---[0;39m [2m[  restartedMain][0;39m [36m.e.DevToolsPropertyDefaultsPostProcessor[0;39m [2m:[0;39m For additional web related logging consider setting the 'logging.level.web' property to 'DEBUG'
[2m2020-08-07 11:47:21.540[0;39m [32m INFO[0;39m [35m1180[0;39m [2m---[0;39m [2m[  restartedMain][0;39m [36mtrationDelegate$BeanPostProcessorChecker[0;39m [2m:[0;39m Bean 'org.springframework.ws.config.annotation.DelegatingWsConfiguration' of type [org.springframework.ws.config.annotation.DelegatingWsConfiguration$$EnhancerBySpringCGLIB$$21728d9a] is not eligible for getting processed by all BeanPostProcessors (for example: not eligible for auto-proxying)
[2m2020-08-07 11:47:21.563[0;39m [32m INFO[0;39m [35m1180[0;39m [2m---[0;39m [2m[  restartedMain][0;39m [36m.w.s.a.s.AnnotationActionEndpointMapping[0;39m [2m:[0;39m Supporting [WS-Addressing August 2004, WS-Addressing 1.0]
[2m2020-08-07 11:47:21.728[0;39m [32m INFO[0;39m [35m1180[0;39m [2m---[0;39m [2m[  restartedMain][0;39m [36mo.s.b.w.embedded.tomcat.TomcatWebServer [0;39m [2m:[0;39m Tomcat initialized with port(s): 9999 (http)
[2m2020-08-07 11:47:21.775[0;39m [32m INFO[0;39m [35m1180[0;39m [2m---[0;39m [2m[  restartedMain][0;39m [36mw.s.c.ServletWebServerApplicationContext[0;39m [2m:[0;39m Root WebApplicationContext: initialization completed in 961 ms
[2m2020-08-07 11:47:22.004[0;39m [33m WARN[0;39m [35m1180[0;39m [2m---[0;39m [2m[  restartedMain][0;39m [36mConfigServletWebServerApplicationContext[0;39m [2m:[0;39m Exception encountered during context initialization - cancelling refresh attempt: org.springframework.beans.factory.BeanCreationException: Error creating bean with name 'fileUploadServiceImpl' defined in file [D:\WorkSpace\SSAFY\chickengak\DADOK-BackEnd\target\classes\com\chickengak\service\FileUploadServiceImpl.class]: Bean instantiation via constructor failed; nested exception is org.springframework.beans.BeanInstantiationException: Failed to instantiate [com.chickengak.service.FileUploadServiceImpl]: Constructor threw exception; nested exception is java.nio.file.InvalidPathException: Trailing char < > at index 9: ./uploads 
[2m2020-08-07 11:47:22.019[0;39m [32m INFO[0;39m [35m1180[0;39m [2m---[0;39m [2m[  restartedMain][0;39m [36mConditionEvaluationReportLoggingListener[0;39m [2m:[0;39m 

Error starting ApplicationContext. To display the conditions report re-run your application with 'debug' enabled.
[2m2020-08-07 11:47:22.025[0;39m [31mERROR[0;39m [35m1180[0;39m [2m---[0;39m [2m[  restartedMain][0;39m [36mo.s.boot.SpringApplication              [0;39m [2m:[0;39m Application run failed

org.springframework.beans.factory.BeanCreationException: Error creating bean with name 'fileUploadServiceImpl' defined in file [D:\WorkSpace\SSAFY\chickengak\DADOK-BackEnd\target\classes\com\chickengak\service\FileUploadServiceImpl.class]: Bean instantiation via constructor failed; nested exception is org.springframework.beans.BeanInstantiationException: Failed to instantiate [com.chickengak.service.FileUploadServiceImpl]: Constructor threw exception; nested exception is java.nio.file.InvalidPathException: Trailing char < > at index 9: ./uploads 
	at org.springframework.beans.factory.support.ConstructorResolver.instantiate(ConstructorResolver.java:313)
	at org.springframework.beans.factory.support.ConstructorResolver.autowireConstructor(ConstructorResolver.java:294)
	at org.springframework.beans.factory.support.AbstractAutowireCapableBeanFactory.autowireConstructor(AbstractAutowireCapableBeanFactory.java:1356)
	at org.springframework.beans.factory.support.AbstractAutowireCapableBeanFactory.createBeanInstance(AbstractAutowireCapableBeanFactory.java:1203)
	at org.springframework.beans.factory.support.AbstractAutowireCapableBeanFactory.doCreateBean(AbstractAutowireCapableBeanFactory.java:556)
	at org.springframework.beans.factory.support.AbstractAutowireCapableBeanFactory.createBean(AbstractAutowireCapableBeanFactory.java:516)
	at org.springframework.beans.factory.support.AbstractBeanFactory.lambda$doGetBean$0(AbstractBeanFactory.java:324)
	at org.springframework.beans.factory.support.DefaultSingletonBeanRegistry.getSingleton(DefaultSingletonBeanRegistry.java:226)
	at org.springframework.beans.factory.support.AbstractBeanFactory.doGetBean(AbstractBeanFactory.java:322)
	at org.springframework.beans.factory.support.AbstractBeanFactory.getBean(AbstractBeanFactory.java:202)
	at org.springframework.beans.factory.support.DefaultListableBeanFactory.preInstantiateSingletons(DefaultListableBeanFactory.java:897)
	at org.springframework.context.support.AbstractApplicationContext.finishBeanFactoryInitialization(AbstractApplicationContext.java:879)
	at org.springframework.context.support.AbstractApplicationContext.refresh(AbstractApplicationContext.java:551)
	at org.springframework.boot.web.servlet.context.ServletWebServerApplicationContext.refresh(ServletWebServerApplicationContext.java:143)
	at org.springframework.boot.SpringApplication.refresh(SpringApplication.java:758)
	at org.springframework.boot.SpringApplication.refresh(SpringApplication.java:750)
	at org.springframework.boot.SpringApplication.refreshContext(SpringApplication.java:397)
	at org.springframework.boot.SpringApplication.run(SpringApplication.java:315)
	at org.springframework.boot.SpringApplication.run(SpringApplication.java:1237)
	at org.springframework.boot.SpringApplication.run(SpringApplication.java:1226)
	at com.chickengak.DadokApplication.main(DadokApplication.java:36)
	at sun.reflect.NativeMethodAccessorImpl.invoke0(Native Method)
	at sun.reflect.NativeMethodAccessorImpl.invoke(NativeMethodAccessorImpl.java:62)
	at sun.reflect.DelegatingMethodAccessorImpl.invoke(DelegatingMethodAccessorImpl.java:43)
	at java.lang.reflect.Method.invoke(Method.java:498)
	at org.springframework.boot.devtools.restart.RestartLauncher.run(RestartLauncher.java:49)
Caused by: org.springframework.beans.BeanInstantiationException: Failed to instantiate [com.chickengak.service.FileUploadServiceImpl]: Constructor threw exception; nested exception is java.nio.file.InvalidPathException: Trailing char < > at index 9: ./uploads 
	at org.springframework.beans.BeanUtils.instantiateClass(BeanUtils.java:217)
	at org.springframework.beans.factory.support.SimpleInstantiationStrategy.instantiate(SimpleInstantiationStrategy.java:117)
	at org.springframework.beans.factory.support.ConstructorResolver.instantiate(ConstructorResolver.java:309)
	... 25 common frames omitted
Caused by: java.nio.file.InvalidPathException: Trailing char < > at index 9: ./uploads 
	at sun.nio.fs.WindowsPathParser.normalize(WindowsPathParser.java:191)
	at sun.nio.fs.WindowsPathParser.parse(WindowsPathParser.java:153)
	at sun.nio.fs.WindowsPathParser.parse(WindowsPathParser.java:77)
	at sun.nio.fs.WindowsPath.parse(WindowsPath.java:94)
	at sun.nio.fs.WindowsFileSystem.getPath(WindowsFileSystem.java:255)
	at java.nio.file.Paths.get(Paths.java:84)
	at com.chickengak.service.FileUploadServiceImpl.<init>(FileUploadServiceImpl.java:27)
	at sun.reflect.NativeConstructorAccessorImpl.newInstance0(Native Method)
	at sun.reflect.NativeConstructorAccessorImpl.newInstance(NativeConstructorAccessorImpl.java:62)
	at sun.reflect.DelegatingConstructorAccessorImpl.newInstance(DelegatingConstructorAccessorImpl.java:45)
	at java.lang.reflect.Constructor.newInstance(Constructor.java:423)
	at org.springframework.beans.BeanUtils.instantiateClass(BeanUtils.java:204)
	... 27 common frames omitted

[2m2020-08-07 11:47:33.454[0;39m [32m INFO[0;39m [35m4460[0;39m [2m---[0;39m [2m[  restartedMain][0;39m [36m.e.DevToolsPropertyDefaultsPostProcessor[0;39m [2m:[0;39m Devtools property defaults active! Set 'spring.devtools.add-properties' to 'false' to disable
[2m2020-08-07 11:47:33.455[0;39m [32m INFO[0;39m [35m4460[0;39m [2m---[0;39m [2m[  restartedMain][0;39m [36m.e.DevToolsPropertyDefaultsPostProcessor[0;39m [2m:[0;39m For additional web related logging consider setting the 'logging.level.web' property to 'DEBUG'
[2m2020-08-07 11:47:34.040[0;39m [32m INFO[0;39m [35m4460[0;39m [2m---[0;39m [2m[  restartedMain][0;39m [36mtrationDelegate$BeanPostProcessorChecker[0;39m [2m:[0;39m Bean 'org.springframework.ws.config.annotation.DelegatingWsConfiguration' of type [org.springframework.ws.config.annotation.DelegatingWsConfiguration$$EnhancerBySpringCGLIB$$d29f5da8] is not eligible for getting processed by all BeanPostProcessors (for example: not eligible for auto-proxying)
[2m2020-08-07 11:47:34.066[0;39m [32m INFO[0;39m [35m4460[0;39m [2m---[0;39m [2m[  restartedMain][0;39m [36m.w.s.a.s.AnnotationActionEndpointMapping[0;39m [2m:[0;39m Supporting [WS-Addressing August 2004, WS-Addressing 1.0]
[2m2020-08-07 11:47:34.243[0;39m [32m INFO[0;39m [35m4460[0;39m [2m---[0;39m [2m[  restartedMain][0;39m [36mo.s.b.w.embedded.tomcat.TomcatWebServer [0;39m [2m:[0;39m Tomcat initialized with port(s): 9999 (http)
[2m2020-08-07 11:47:34.290[0;39m [32m INFO[0;39m [35m4460[0;39m [2m---[0;39m [2m[  restartedMain][0;39m [36mw.s.c.ServletWebServerApplicationContext[0;39m [2m:[0;39m Root WebApplicationContext: initialization completed in 835 ms
[2m2020-08-07 11:47:34.492[0;39m [33m WARN[0;39m [35m4460[0;39m [2m---[0;39m [2m[  restartedMain][0;39m [36mConfigServletWebServerApplicationContext[0;39m [2m:[0;39m Exception encountered during context initialization - cancelling refresh attempt: org.springframework.beans.factory.BeanCreationException: Error creating bean with name 'fileUploadServiceImpl' defined in file [D:\WorkSpace\SSAFY\chickengak\DADOK-BackEnd\target\classes\com\chickengak\service\FileUploadServiceImpl.class]: Bean instantiation via constructor failed; nested exception is org.springframework.beans.BeanInstantiationException: Failed to instantiate [com.chickengak.service.FileUploadServiceImpl]: Constructor threw exception; nested exception is java.nio.file.InvalidPathException: Trailing char < > at index 9: ./uploads 
[2m2020-08-07 11:47:34.501[0;39m [32m INFO[0;39m [35m4460[0;39m [2m---[0;39m [2m[  restartedMain][0;39m [36mConditionEvaluationReportLoggingListener[0;39m [2m:[0;39m 

Error starting ApplicationContext. To display the conditions report re-run your application with 'debug' enabled.
[2m2020-08-07 11:47:34.506[0;39m [31mERROR[0;39m [35m4460[0;39m [2m---[0;39m [2m[  restartedMain][0;39m [36mo.s.boot.SpringApplication              [0;39m [2m:[0;39m Application run failed

org.springframework.beans.factory.BeanCreationException: Error creating bean with name 'fileUploadServiceImpl' defined in file [D:\WorkSpace\SSAFY\chickengak\DADOK-BackEnd\target\classes\com\chickengak\service\FileUploadServiceImpl.class]: Bean instantiation via constructor failed; nested exception is org.springframework.beans.BeanInstantiationException: Failed to instantiate [com.chickengak.service.FileUploadServiceImpl]: Constructor threw exception; nested exception is java.nio.file.InvalidPathException: Trailing char < > at index 9: ./uploads 
	at org.springframework.beans.factory.support.ConstructorResolver.instantiate(ConstructorResolver.java:313)
	at org.springframework.beans.factory.support.ConstructorResolver.autowireConstructor(ConstructorResolver.java:294)
	at org.springframework.beans.factory.support.AbstractAutowireCapableBeanFactory.autowireConstructor(AbstractAutowireCapableBeanFactory.java:1356)
	at org.springframework.beans.factory.support.AbstractAutowireCapableBeanFactory.createBeanInstance(AbstractAutowireCapableBeanFactory.java:1203)
	at org.springframework.beans.factory.support.AbstractAutowireCapableBeanFactory.doCreateBean(AbstractAutowireCapableBeanFactory.java:556)
	at org.springframework.beans.factory.support.AbstractAutowireCapableBeanFactory.createBean(AbstractAutowireCapableBeanFactory.java:516)
	at org.springframework.beans.factory.support.AbstractBeanFactory.lambda$doGetBean$0(AbstractBeanFactory.java:324)
	at org.springframework.beans.factory.support.DefaultSingletonBeanRegistry.getSingleton(DefaultSingletonBeanRegistry.java:226)
	at org.springframework.beans.factory.support.AbstractBeanFactory.doGetBean(AbstractBeanFactory.java:322)
	at org.springframework.beans.factory.support.AbstractBeanFactory.getBean(AbstractBeanFactory.java:202)
	at org.springframework.beans.factory.support.DefaultListableBeanFactory.preInstantiateSingletons(DefaultListableBeanFactory.java:897)
	at org.springframework.context.support.AbstractApplicationContext.finishBeanFactoryInitialization(AbstractApplicationContext.java:879)
	at org.springframework.context.support.AbstractApplicationContext.refresh(AbstractApplicationContext.java:551)
	at org.springframework.boot.web.servlet.context.ServletWebServerApplicationContext.refresh(ServletWebServerApplicationContext.java:143)
	at org.springframework.boot.SpringApplication.refresh(SpringApplication.java:758)
	at org.springframework.boot.SpringApplication.refresh(SpringApplication.java:750)
	at org.springframework.boot.SpringApplication.refreshContext(SpringApplication.java:397)
	at org.springframework.boot.SpringApplication.run(SpringApplication.java:315)
	at org.springframework.boot.SpringApplication.run(SpringApplication.java:1237)
	at org.springframework.boot.SpringApplication.run(SpringApplication.java:1226)
	at com.chickengak.DadokApplication.main(DadokApplication.java:36)
	at sun.reflect.NativeMethodAccessorImpl.invoke0(Native Method)
	at sun.reflect.NativeMethodAccessorImpl.invoke(NativeMethodAccessorImpl.java:62)
	at sun.reflect.DelegatingMethodAccessorImpl.invoke(DelegatingMethodAccessorImpl.java:43)
	at java.lang.reflect.Method.invoke(Method.java:498)
	at org.springframework.boot.devtools.restart.RestartLauncher.run(RestartLauncher.java:49)
Caused by: org.springframework.beans.BeanInstantiationException: Failed to instantiate [com.chickengak.service.FileUploadServiceImpl]: Constructor threw exception; nested exception is java.nio.file.InvalidPathException: Trailing char < > at index 9: ./uploads 
	at org.springframework.beans.BeanUtils.instantiateClass(BeanUtils.java:217)
	at org.springframework.beans.factory.support.SimpleInstantiationStrategy.instantiate(SimpleInstantiationStrategy.java:117)
	at org.springframework.beans.factory.support.ConstructorResolver.instantiate(ConstructorResolver.java:309)
	... 25 common frames omitted
Caused by: java.nio.file.InvalidPathException: Trailing char < > at index 9: ./uploads 
	at sun.nio.fs.WindowsPathParser.normalize(WindowsPathParser.java:191)
	at sun.nio.fs.WindowsPathParser.parse(WindowsPathParser.java:153)
	at sun.nio.fs.WindowsPathParser.parse(WindowsPathParser.java:77)
	at sun.nio.fs.WindowsPath.parse(WindowsPath.java:94)
	at sun.nio.fs.WindowsFileSystem.getPath(WindowsFileSystem.java:255)
	at java.nio.file.Paths.get(Paths.java:84)
	at com.chickengak.service.FileUploadServiceImpl.<init>(FileUploadServiceImpl.java:27)
	at sun.reflect.NativeConstructorAccessorImpl.newInstance0(Native Method)
	at sun.reflect.NativeConstructorAccessorImpl.newInstance(NativeConstructorAccessorImpl.java:62)
	at sun.reflect.DelegatingConstructorAccessorImpl.newInstance(DelegatingConstructorAccessorImpl.java:45)
	at java.lang.reflect.Constructor.newInstance(Constructor.java:423)
	at org.springframework.beans.BeanUtils.instantiateClass(BeanUtils.java:204)
	... 27 common frames omitted

[2m2020-08-07 11:48:16.090[0;39m [32m INFO[0;39m [35m7732[0;39m [2m---[0;39m [2m[  restartedMain][0;39m [36m.e.DevToolsPropertyDefaultsPostProcessor[0;39m [2m:[0;39m Devtools property defaults active! Set 'spring.devtools.add-properties' to 'false' to disable
[2m2020-08-07 11:48:16.092[0;39m [32m INFO[0;39m [35m7732[0;39m [2m---[0;39m [2m[  restartedMain][0;39m [36m.e.DevToolsPropertyDefaultsPostProcessor[0;39m [2m:[0;39m For additional web related logging consider setting the 'logging.level.web' property to 'DEBUG'
[2m2020-08-07 11:48:16.661[0;39m [32m INFO[0;39m [35m7732[0;39m [2m---[0;39m [2m[  restartedMain][0;39m [36mtrationDelegate$BeanPostProcessorChecker[0;39m [2m:[0;39m Bean 'org.springframework.ws.config.annotation.DelegatingWsConfiguration' of type [org.springframework.ws.config.annotation.DelegatingWsConfiguration$$EnhancerBySpringCGLIB$$370c8be3] is not eligible for getting processed by all BeanPostProcessors (for example: not eligible for auto-proxying)
[2m2020-08-07 11:48:16.680[0;39m [32m INFO[0;39m [35m7732[0;39m [2m---[0;39m [2m[  restartedMain][0;39m [36m.w.s.a.s.AnnotationActionEndpointMapping[0;39m [2m:[0;39m Supporting [WS-Addressing August 2004, WS-Addressing 1.0]
[2m2020-08-07 11:48:16.852[0;39m [32m INFO[0;39m [35m7732[0;39m [2m---[0;39m [2m[  restartedMain][0;39m [36mo.s.b.w.embedded.tomcat.TomcatWebServer [0;39m [2m:[0;39m Tomcat initialized with port(s): 9999 (http)
[2m2020-08-07 11:48:16.906[0;39m [32m INFO[0;39m [35m7732[0;39m [2m---[0;39m [2m[  restartedMain][0;39m [36mw.s.c.ServletWebServerApplicationContext[0;39m [2m:[0;39m Root WebApplicationContext: initialization completed in 814 ms
[2m2020-08-07 11:48:17.380[0;39m [32m INFO[0;39m [35m7732[0;39m [2m---[0;39m [2m[  restartedMain][0;39m [36mo.s.s.concurrent.ThreadPoolTaskExecutor [0;39m [2m:[0;39m Initializing ExecutorService 'applicationTaskExecutor'
[2m2020-08-07 11:48:17.404[0;39m [32m INFO[0;39m [35m7732[0;39m [2m---[0;39m [2m[  restartedMain][0;39m [36mo.s.b.d.a.OptionalLiveReloadServer      [0;39m [2m:[0;39m LiveReload server is running on port 35729
[2m2020-08-07 11:48:17.516[0;39m [32m INFO[0;39m [35m7732[0;39m [2m---[0;39m [2m[  restartedMain][0;39m [36mo.s.b.w.embedded.tomcat.TomcatWebServer [0;39m [2m:[0;39m Tomcat started on port(s): 9999 (http) with context path '/chickengak'
[2m2020-08-07 11:48:24.576[0;39m [32m INFO[0;39m [35m7732[0;39m [2m---[0;39m [2m[nio-9999-exec-1][0;39m [36mo.s.web.servlet.DispatcherServlet       [0;39m [2m:[0;39m Initializing Servlet 'dispatcherServlet'
[2m2020-08-07 11:48:24.580[0;39m [32m INFO[0;39m [35m7732[0;39m [2m---[0;39m [2m[nio-9999-exec-1][0;39m [36mo.s.web.servlet.DispatcherServlet       [0;39m [2m:[0;39m Completed initialization in 3 ms
[2m2020-08-07 11:48:39.152[0;39m [32mDEBUG[0;39m [35m7732[0;39m [2m---[0;39m [2m[nio-9999-exec-9][0;39m [36mc.c.mapper.UserMapper.insertUser        [0;39m [2m:[0;39m ==>  Preparing: insert into chickengak.user ( name, email, phone, profile, nickname, birth, id, password, info ) values ( ?, ?, null, null, ?, null, ?, ?, ? )
[2m2020-08-07 11:48:39.167[0;39m [32mDEBUG[0;39m [35m7732[0;39m [2m---[0;39m [2m[nio-9999-exec-9][0;39m [36mc.c.mapper.UserMapper.insertUser        [0;39m [2m:[0;39m ==> Parameters: qwe(String), qwe(String), qwe(String), qwe(String), 3XsS4nWVuG9+7y1DIjuPQA==(String), qwe(String)
[2m2020-08-07 11:48:39.198[0;39m [32mDEBUG[0;39m [35m7732[0;39m [2m---[0;39m [2m[nio-9999-exec-9][0;39m [36mc.c.mapper.UserMapper.insertUser        [0;39m [2m:[0;39m <==    Updates: 1
[2m2020-08-07 11:48:46.317[0;39m [31mERROR[0;39m [35m7732[0;39m [2m---[0;39m [2m[nio-9999-exec-2][0;39m [36mo.a.c.c.C.[.[.[.[dispatcherServlet]     [0;39m [2m:[0;39m Servlet.service() for servlet [dispatcherServlet] in context with path [/chickengak] threw exception [Request processing failed; nested exception is java.lang.NullPointerException] with root cause

java.lang.NullPointerException: null
	at com.chickengak.util.AES256Util.aesEncode(AES256Util.java:46)
	at com.chickengak.service.UserServiceImpl.login(UserServiceImpl.java:35)
	at com.chickengak.controller.UserController.login(UserController.java:38)
	at sun.reflect.NativeMethodAccessorImpl.invoke0(Native Method)
	at sun.reflect.NativeMethodAccessorImpl.invoke(NativeMethodAccessorImpl.java:62)
	at sun.reflect.DelegatingMethodAccessorImpl.invoke(DelegatingMethodAccessorImpl.java:43)
	at java.lang.reflect.Method.invoke(Method.java:498)
	at org.springframework.web.method.support.InvocableHandlerMethod.doInvoke(InvocableHandlerMethod.java:190)
	at org.springframework.web.method.support.InvocableHandlerMethod.invokeForRequest(InvocableHandlerMethod.java:138)
	at org.springframework.web.servlet.mvc.method.annotation.ServletInvocableHandlerMethod.invokeAndHandle(ServletInvocableHandlerMethod.java:105)
	at org.springframework.web.servlet.mvc.method.annotation.RequestMappingHandlerAdapter.invokeHandlerMethod(RequestMappingHandlerAdapter.java:878)
	at org.springframework.web.servlet.mvc.method.annotation.RequestMappingHandlerAdapter.handleInternal(RequestMappingHandlerAdapter.java:792)
	at org.springframework.web.servlet.mvc.method.AbstractHandlerMethodAdapter.handle(AbstractHandlerMethodAdapter.java:87)
	at org.springframework.web.servlet.DispatcherServlet.doDispatch(DispatcherServlet.java:1040)
	at org.springframework.web.servlet.DispatcherServlet.doService(DispatcherServlet.java:943)
	at org.springframework.web.servlet.FrameworkServlet.processRequest(FrameworkServlet.java:1006)
	at org.springframework.web.servlet.FrameworkServlet.doPost(FrameworkServlet.java:909)
	at javax.servlet.http.HttpServlet.service(HttpServlet.java:652)
	at org.springframework.web.servlet.FrameworkServlet.service(FrameworkServlet.java:883)
	at javax.servlet.http.HttpServlet.service(HttpServlet.java:733)
	at org.apache.catalina.core.ApplicationFilterChain.internalDoFilter(ApplicationFilterChain.java:231)
	at org.apache.catalina.core.ApplicationFilterChain.doFilter(ApplicationFilterChain.java:166)
	at org.apache.tomcat.websocket.server.WsFilter.doFilter(WsFilter.java:53)
	at org.apache.catalina.core.ApplicationFilterChain.internalDoFilter(ApplicationFilterChain.java:193)
	at org.apache.catalina.core.ApplicationFilterChain.doFilter(ApplicationFilterChain.java:166)
	at org.springframework.web.filter.RequestContextFilter.doFilterInternal(RequestContextFilter.java:100)
	at org.springframework.web.filter.OncePerRequestFilter.doFilter(OncePerRequestFilter.java:119)
	at org.apache.catalina.core.ApplicationFilterChain.internalDoFilter(ApplicationFilterChain.java:193)
	at org.apache.catalina.core.ApplicationFilterChain.doFilter(ApplicationFilterChain.java:166)
	at org.springframework.web.filter.FormContentFilter.doFilterInternal(FormContentFilter.java:93)
	at org.springframework.web.filter.OncePerRequestFilter.doFilter(OncePerRequestFilter.java:119)
	at org.apache.catalina.core.ApplicationFilterChain.internalDoFilter(ApplicationFilterChain.java:193)
	at org.apache.catalina.core.ApplicationFilterChain.doFilter(ApplicationFilterChain.java:166)
	at org.springframework.web.filter.CharacterEncodingFilter.doFilterInternal(CharacterEncodingFilter.java:201)
	at org.springframework.web.filter.OncePerRequestFilter.doFilter(OncePerRequestFilter.java:119)
	at org.apache.catalina.core.ApplicationFilterChain.internalDoFilter(ApplicationFilterChain.java:193)
	at org.apache.catalina.core.ApplicationFilterChain.doFilter(ApplicationFilterChain.java:166)
	at org.apache.catalina.core.StandardWrapperValve.invoke(StandardWrapperValve.java:202)
	at org.apache.catalina.core.StandardContextValve.invoke(StandardContextValve.java:96)
	at org.apache.catalina.authenticator.AuthenticatorBase.invoke(AuthenticatorBase.java:541)
	at org.apache.catalina.core.StandardHostValve.invoke(StandardHostValve.java:139)
	at org.apache.catalina.valves.ErrorReportValve.invoke(ErrorReportValve.java:92)
	at org.apache.catalina.core.StandardEngineValve.invoke(StandardEngineValve.java:74)
	at org.apache.catalina.connector.CoyoteAdapter.service(CoyoteAdapter.java:343)
	at org.apache.coyote.http11.Http11Processor.service(Http11Processor.java:373)
	at org.apache.coyote.AbstractProcessorLight.process(AbstractProcessorLight.java:65)
	at org.apache.coyote.AbstractProtocol$ConnectionHandler.process(AbstractProtocol.java:868)
	at org.apache.tomcat.util.net.NioEndpoint$SocketProcessor.doRun(NioEndpoint.java:1589)
	at org.apache.tomcat.util.net.SocketProcessorBase.run(SocketProcessorBase.java:49)
	at java.util.concurrent.ThreadPoolExecutor.runWorker(ThreadPoolExecutor.java:1149)
	at java.util.concurrent.ThreadPoolExecutor$Worker.run(ThreadPoolExecutor.java:624)
	at org.apache.tomcat.util.threads.TaskThread$WrappingRunnable.run(TaskThread.java:61)
	at java.lang.Thread.run(Thread.java:748)

[2m2020-08-07 11:50:51.439[0;39m [32m INFO[0;39m [35m7732[0;39m [2m---[0;39m [2m[       Thread-5][0;39m [36mo.s.s.concurrent.ThreadPoolTaskExecutor [0;39m [2m:[0;39m Shutting down ExecutorService 'applicationTaskExecutor'
[2m2020-08-07 11:50:51.757[0;39m [32m INFO[0;39m [35m7732[0;39m [2m---[0;39m [2m[  restartedMain][0;39m [36mtrationDelegate$BeanPostProcessorChecker[0;39m [2m:[0;39m Bean 'org.springframework.ws.config.annotation.DelegatingWsConfiguration' of type [org.springframework.ws.config.annotation.DelegatingWsConfiguration$$EnhancerBySpringCGLIB$$370c8be3] is not eligible for getting processed by all BeanPostProcessors (for example: not eligible for auto-proxying)
[2m2020-08-07 11:50:51.758[0;39m [32m INFO[0;39m [35m7732[0;39m [2m---[0;39m [2m[  restartedMain][0;39m [36m.w.s.a.s.AnnotationActionEndpointMapping[0;39m [2m:[0;39m Supporting [WS-Addressing August 2004, WS-Addressing 1.0]
[2m2020-08-07 11:50:51.810[0;39m [32m INFO[0;39m [35m7732[0;39m [2m---[0;39m [2m[  restartedMain][0;39m [36mo.s.b.w.embedded.tomcat.TomcatWebServer [0;39m [2m:[0;39m Tomcat initialized with port(s): 9999 (http)
[2m2020-08-07 11:50:51.819[0;39m [32m INFO[0;39m [35m7732[0;39m [2m---[0;39m [2m[  restartedMain][0;39m [36mw.s.c.ServletWebServerApplicationContext[0;39m [2m:[0;39m Root WebApplicationContext: initialization completed in 259 ms
[2m2020-08-07 11:50:51.959[0;39m [32m INFO[0;39m [35m7732[0;39m [2m---[0;39m [2m[  restartedMain][0;39m [36mo.s.s.concurrent.ThreadPoolTaskExecutor [0;39m [2m:[0;39m Initializing ExecutorService 'applicationTaskExecutor'
[2m2020-08-07 11:50:51.965[0;39m [32m INFO[0;39m [35m7732[0;39m [2m---[0;39m [2m[  restartedMain][0;39m [36mo.s.b.d.a.OptionalLiveReloadServer      [0;39m [2m:[0;39m LiveReload server is running on port 35729
[2m2020-08-07 11:50:52.009[0;39m [32m INFO[0;39m [35m7732[0;39m [2m---[0;39m [2m[  restartedMain][0;39m [36mo.s.b.w.embedded.tomcat.TomcatWebServer [0;39m [2m:[0;39m Tomcat started on port(s): 9999 (http) with context path '/chickengak'
[2m2020-08-07 11:50:52.076[0;39m [32m INFO[0;39m [35m7732[0;39m [2m---[0;39m [2m[  restartedMain][0;39m [36m.ConditionEvaluationDeltaLoggingListener[0;39m [2m:[0;39m Condition evaluation unchanged
[2m2020-08-07 11:50:55.203[0;39m [32m INFO[0;39m [35m7732[0;39m [2m---[0;39m [2m[nio-9999-exec-2][0;39m [36mo.s.web.servlet.DispatcherServlet       [0;39m [2m:[0;39m Initializing Servlet 'dispatcherServlet'
[2m2020-08-07 11:50:55.206[0;39m [32m INFO[0;39m [35m7732[0;39m [2m---[0;39m [2m[nio-9999-exec-2][0;39m [36mo.s.web.servlet.DispatcherServlet       [0;39m [2m:[0;39m Completed initialization in 2 ms
[2m2020-08-07 11:50:55.230[0;39m [32mDEBUG[0;39m [35m7732[0;39m [2m---[0;39m [2m[nio-9999-exec-2][0;39m [36mc.c.mapper.UserMapper.selectUser        [0;39m [2m:[0;39m ==>  Preparing: select no, name, nickname, id, phone, birth, info, profile, email, info, join_date from chickengak.user where id = ? and password = ?
[2m2020-08-07 11:50:55.230[0;39m [32mDEBUG[0;39m [35m7732[0;39m [2m---[0;39m [2m[nio-9999-exec-2][0;39m [36mc.c.mapper.UserMapper.selectUser        [0;39m [2m:[0;39m ==> Parameters: qwe(String), 3XsS4nWVuG9+7y1DIjuPQA==(String)
[2m2020-08-07 11:50:55.256[0;39m [32mDEBUG[0;39m [35m7732[0;39m [2m---[0;39m [2m[nio-9999-exec-2][0;39m [36mc.c.mapper.UserMapper.selectUser        [0;39m [2m:[0;39m <==      Total: 1
[2m2020-08-07 11:51:03.097[0;39m [32m INFO[0;39m [35m7732[0;39m [2m---[0;39m [2m[on(2)-127.0.0.1][0;39m [36minMXBeanRegistrar$SpringApplicationAdmin[0;39m [2m:[0;39m Application shutdown requested.
[2m2020-08-07 11:51:03.161[0;39m [32m INFO[0;39m [35m7732[0;39m [2m---[0;39m [2m[on(2)-127.0.0.1][0;39m [36mo.s.s.concurrent.ThreadPoolTaskExecutor [0;39m [2m:[0;39m Shutting down ExecutorService 'applicationTaskExecutor'
